Orange	Orange	0.95
Venelles	Venelles	0.95
Marseille 15e Arrondissement	Marseille 15e Arrondissement	0.96
Berre-l'Etang	Berre-l'Étang	0.95
Pertuis	Pertuis	0.95
La Tour-d'Aigues	La Tour-d'Aigues	0.94
Pertuis	Pertuis	0.95
Eyragues	Eyragues	0.94
Martigues	Martigues	0.95
Marseille 3e Arrondissement	Marseille 3e Arrondissement	0.95
Marseille 3e Arrondissement	Marseille 3e Arrondissement	0.95
Marseille 9e Arrondissement	Marseille 9e Arrondissement	0.96
Marseille 12e Arrondissement	Marseille 12e Arrondissement	0.95
Marseille 13e Arrondissement	Marseille 13e Arrondissement	0.96
Marseille 10e Arrondissement	Marseille 10e Arrondissement	0.95
Marseille 7e Arrondissement	Marseille 7e Arrondissement	0.95
Marseille 1er Arrondissement	Marseille 1er Arrondissement	0.95
Marseille 7e Arrondissement	Marseille 7e Arrondissement	0.95
Marseille 14e Arrondissement	Marseille 14e Arrondissement	0.95
Marseille 6e Arrondissement	Marseille 6e Arrondissement	0.95
Marseille 8e Arrondissement	Marseille 8e Arrondissement	0.96
Marseille 8e Arrondissement	Marseille 8e Arrondissement	0.96
Miramas	Miramas	0.95
Hyères	Hyères	0.95
Salon-de-Provence	Salon-de-Provence	0.95
Marseille 15e Arrondissement	Marseille 15e Arrondissement	0.96
Aubagne	Aubagne	0.95
Marseille 11e Arrondissement	Marseille 11e Arrondissement	0.95
Aubagne	Aubagne	0.95
Marseille 8e Arrondissement	Marseille 8e Arrondissement	0.96
Marseille 14e Arrondissement	Marseille 14e Arrondissement	0.95
Aubagne	Aubagne	0.95
Marignane	Marignane	0.95
Marseille 15e Arrondissement	Marseille 15e Arrondissement	0.96
Marseille 15e Arrondissement	Marseille 15e Arrondissement	0.96
Auriol	Auriol	0.95
Marseille 11e Arrondissement	Marseille 11e Arrondissement	0.95
Allauch	Allauch	0.95
Allauch	Allauch	0.95
Aix-en-Provence	Aix-en-Provence	0.96
Meyreuil	Meyreuil	0.94
Aix-en-Provence	Aix-en-Provence	0.96
Aix-en-Provence	Aix-en-Provence	0.96
Pélissanne	Pélissanne	0.95
Salon-de-Provence	Salon-de-Provence	0.95
Salon-de-Provence	Salon-de-Provence	0.95
La Seyne-sur-Mer	La Seyne-sur-Mer	0.95
La Seyne-sur-Mer	La Seyne-sur-Mer	0.95
La Seyne-sur-Mer	La Seyne-sur-Mer	0.95
Marignane	Marignane	0.95
Septèmes-les-Vallons	Septèmes-les-Vallons	0.95
Les Pennes-Mirabeau	Les Pennes-Mirabeau	0.95
Marseille 15e Arrondissement	Marseille 15e Arrondissement	0.96
Marseille 14e Arrondissement	Marseille 14e Arrondissement	0.95
Vedène	Vedène	0.95
Saint-Maximin-la-Sainte-Baume	Saint-Maximin-la-Sainte-Baume	0.95
Saint-Mitre-les-Remparts	Saint-Mitre-les-Remparts	0.94
Marseille 7e Arrondissement	Marseille 7e Arrondissement	0.95
Marseille 2e Arrondissement	Marseille 2e Arrondissement	0.95
Marseille 10e Arrondissement	Marseille 10e Arrondissement	0.95
Pélissanne	Pélissanne	0.95
La Valette-du-Var	La Valette-du-Var	0.95
Marseille 9e Arrondissement	Marseille 9e Arrondissement	0.96
Marseille 2e Arrondissement	Marseille 2e Arrondissement	0.95
Marseille 3e Arrondissement	Marseille 3e Arrondissement	0.95
La Destrousse	La Destrousse	0.94
Marseille 11e Arrondissement	Marseille 11e Arrondissement	0.95
Aubagne	Aubagne	0.95
Marseille 5e Arrondissement	Marseille 5e Arrondissement	0.95
Venelles	Venelles	0.95
Aix-en-Provence	Aix-en-Provence	0.96
Marseille 8e Arrondissement	Marseille 8e Arrondissement	0.96
Puyvert	Puyvert	0.93
Simiane-Collongue	Simiane-Collongue	0.94
Marseille 6e Arrondissement	Marseille 6e Arrondissement	0.95
Cabriès	Cabriès	0.95
Marseille 3e Arrondissement	Marseille 3e Arrondissement	0.95
Marseille 9e Arrondissement	Marseille 9e Arrondissement	0.96
Istres	Istres	0.95
Marseille 13e Arrondissement	Marseille 13e Arrondissement	0.96
Marseille 13e Arrondissement	Marseille 13e Arrondissement	0.96
Marseille 13e Arrondissement	Marseille 13e Arrondissement	0.96
Marseille 14e Arrondissement	Marseille 14e Arrondissement	0.95
Rognac	Rognac	0.95
Les Pennes-Mirabeau	Les Pennes-Mirabeau	0.95
Vitrolles	Vitrolles	0.95
Vitrolles	Vitrolles	0.95
Marseille 12e Arrondissement	Marseille 12e Arrondissement	0.95
Martigues	Martigues	0.95
Simiane-Collongue	Simiane-Collongue	0.94
Aix-en-Provence	Aix-en-Provence	0.96
Aix-en-Provence	Aix-en-Provence	0.96
Marseille 10e Arrondissement	Marseille 10e Arrondissement	0.95
Marseille 10e Arrondissement	Marseille 10e Arrondissement	0.95
Marseille 9e Arrondissement	Marseille 9e Arrondissement	0.96
Marseille 9e Arrondissement	Marseille 9e Arrondissement	0.96
Marseille 9e Arrondissement	Marseille 9e Arrondissement	0.96
Lapalud	Lapalud	0.94
Marseille 13e Arrondissement	Marseille 13e Arrondissement	0.96
Gardanne	Gardanne	0.95
Fuveau	Fuveau	0.95
Gardanne	Gardanne	0.95
Gardanne	Gardanne	0.95
Aubagne	Aubagne	0.95
La Ciotat	La Ciotat	0.95
Marseille 10e Arrondissement	Marseille 10e Arrondissement	0.95
Marseille 11e Arrondissement	Marseille 11e Arrondissement	0.95
Marseille 11e Arrondissement	Marseille 11e Arrondissement	0.95
Pierrevert	Pierrevert	0.94
Marseille 5e Arrondissement	Marseille 5e Arrondissement	0.95
Marseille 10e Arrondissement	Marseille 10e Arrondissement	0.95
Marseille 10e Arrondissement	Marseille 10e Arrondissement	0.95
Marseille 11e Arrondissement	Marseille 11e Arrondissement	0.95
Marseille 8e Arrondissement	Marseille 8e Arrondissement	0.96
Cassis	Cassis	0.94
Trets	Trets	0.95
Saint-Alban-Leysse	Saint-Alban-Leysse	0.94
Marseille 8e Arrondissement	Marseille 8e Arrondissement	0.96
Gignac-la-Nerthe	Gignac-la-Nerthe	0.95
Marseille 6e Arrondissement	Marseille 6e Arrondissement	0.95
Marseille 14e Arrondissement	Marseille 14e Arrondissement	0.95
Marseille 3e Arrondissement	Marseille 3e Arrondissement	0.95
La Seyne-sur-Mer	La Seyne-sur-Mer	0.95
Marseille 14e Arrondissement	Marseille 14e Arrondissement	0.95
Pierrevert	Pierrevert	0.94
Allauch	Allauch	0.95
Gap	Gap	0.95
Nice	Nice	0.96
Marseille 8e Arrondissement	Marseille 8e Arrondissement	0.96
Marseille 6e Arrondissement	Marseille 6e Arrondissement	0.95
Marseille 2e Arrondissement	Marseille 2e Arrondissement	0.95
Orange	Orange	0.95
Venelles	Venelles	0.95
Marseille 15e Arrondissement	Marseille 15e Arrondissement	0.96
Berre-l'Etang	Berre-l'Étang	0.95
Pertuis	Pertuis	0.95
La Tour-d'Aigues	La Tour-d'Aigues	0.94
Pertuis	Pertuis	0.95
Eyragues	Eyragues	0.94
Martigues	Martigues	0.95
Marseille 3e Arrondissement	Marseille 3e Arrondissement	0.95
Marseille 3e Arrondissement	Marseille 3e Arrondissement	0.95
Marseille 9e Arrondissement	Marseille 9e Arrondissement	0.96
Marseille 12e Arrondissement	Marseille 12e Arrondissement	0.95
Marseille 13e Arrondissement	Marseille 13e Arrondissement	0.96
Marseille 10e Arrondissement	Marseille 10e Arrondissement	0.95
Marseille 7e Arrondissement	Marseille 7e Arrondissement	0.95
Marseille 1er Arrondissement	Marseille 1er Arrondissement	0.95
Marseille 7e Arrondissement	Marseille 7e Arrondissement	0.95
Marseille 14e Arrondissement	Marseille 14e Arrondissement	0.95
Marseille 6e Arrondissement	Marseille 6e Arrondissement	0.95
Marseille 8e Arrondissement	Marseille 8e Arrondissement	0.96
Marseille 8e Arrondissement	Marseille 8e Arrondissement	0.96
Miramas	Miramas	0.95
Hyères	Hyères	0.95
Salon-de-Provence	Salon-de-Provence	0.95
Marseille 15e Arrondissement	Marseille 15e Arrondissement	0.96
Aubagne	Aubagne	0.95
Marseille 11e Arrondissement	Marseille 11e Arrondissement	0.95
Aubagne	Aubagne	0.95
Marseille 8e Arrondissement	Marseille 8e Arrondissement	0.96
Marseille 14e Arrondissement	Marseille 14e Arrondissement	0.95
Aubagne	Aubagne	0.95
Marignane	Marignane	0.95
Marseille 15e Arrondissement	Marseille 15e Arrondissement	0.96
Marseille 15e Arrondissement	Marseille 15e Arrondissement	0.96
Auriol	Auriol	0.95
Marseille 11e Arrondissement	Marseille 11e Arrondissement	0.95
Allauch	Allauch	0.95
Allauch	Allauch	0.95
Aix-en-Provence	Aix-en-Provence	0.96
Meyreuil	Meyreuil	0.94
Aix-en-Provence	Aix-en-Provence	0.96
Aix-en-Provence	Aix-en-Provence	0.96
Pélissanne	Pélissanne	0.95
Salon-de-Provence	Salon-de-Provence	0.95
Salon-de-Provence	Salon-de-Provence	0.95
La Seyne-sur-Mer	La Seyne-sur-Mer	0.95
La Seyne-sur-Mer	La Seyne-sur-Mer	0.95
La Seyne-sur-Mer	La Seyne-sur-Mer	0.95
Marignane	Marignane	0.95
Septèmes-les-Vallons	Septèmes-les-Vallons	0.95
Les Pennes-Mirabeau	Les Pennes-Mirabeau	0.95
Marseille 15e Arrondissement	Marseille 15e Arrondissement	0.96
Marseille 14e Arrondissement	Marseille 14e Arrondissement	0.95
Vedène	Vedène	0.95
Saint-Maximin-la-Sainte-Baume	Saint-Maximin-la-Sainte-Baume	0.95
Saint-Mitre-les-Remparts	Saint-Mitre-les-Remparts	0.94
Marseille 7e Arrondissement	Marseille 7e Arrondissement	0.95
Marseille 2e Arrondissement	Marseille 2e Arrondissement	0.95
Marseille 10e Arrondissement	Marseille 10e Arrondissement	0.95
Pélissanne	Pélissanne	0.95
La Valette-du-Var	La Valette-du-Var	0.95
Marseille 9e Arrondissement	Marseille 9e Arrondissement	0.96
Marseille 2e Arrondissement	Marseille 2e Arrondissement	0.95
Marseille 3e Arrondissement	Marseille 3e Arrondissement	0.95
La Destrousse	La Destrousse	0.94
Marseille 11e Arrondissement	Marseille 11e Arrondissement	0.95
Aubagne	Aubagne	0.95
Marseille 5e Arrondissement	Marseille 5e Arrondissement	0.95
Venelles	Venelles	0.95
Aix-en-Provence	Aix-en-Provence	0.96
Marseille 8e Arrondissement	Marseille 8e Arrondissement	0.96
Puyvert	Puyvert	0.93
Simiane-Collongue	Simiane-Collongue	0.94
Marseille 6e Arrondissement	Marseille 6e Arrondissement	0.95
Cabriès	Cabriès	0.95
Marseille 3e Arrondissement	Marseille 3e Arrondissement	0.95
Marseille 9e Arrondissement	Marseille 9e Arrondissement	0.96
Istres	Istres	0.95
Marseille 13e Arrondissement	Marseille 13e Arrondissement	0.96
Marseille 13e Arrondissement	Marseille 13e Arrondissement	0.96
Marseille 13e Arrondissement	Marseille 13e Arrondissement	0.96
Marseille 14e Arrondissement	Marseille 14e Arrondissement	0.95
Rognac	Rognac	0.95
Les Pennes-Mirabeau	Les Pennes-Mirabeau	0.95
Vitrolles	Vitrolles	0.95
Vitrolles	Vitrolles	0.95
Marseille 12e Arrondissement	Marseille 12e Arrondissement	0.95
Martigues	Martigues	0.95
Simiane-Collongue	Simiane-Collongue	0.94
Aix-en-Provence	Aix-en-Provence	0.96
Aix-en-Provence	Aix-en-Provence	0.96
Marseille 10e Arrondissement	Marseille 10e Arrondissement	0.95
Marseille 10e Arrondissement	Marseille 10e Arrondissement	0.95
Marseille 9e Arrondissement	Marseille 9e Arrondissement	0.96
Marseille 9e Arrondissement	Marseille 9e Arrondissement	0.96
Marseille 9e Arrondissement	Marseille 9e Arrondissement	0.96
Lapalud	Lapalud	0.94
Marseille 13e Arrondissement	Marseille 13e Arrondissement	0.96
Gardanne	Gardanne	0.95
Fuveau	Fuveau	0.95
Gardanne	Gardanne	0.95
Gardanne	Gardanne	0.95
Aubagne	Aubagne	0.95
La Ciotat	La Ciotat	0.95
Marseille 10e Arrondissement	Marseille 10e Arrondissement	0.95
Marseille 11e Arrondissement	Marseille 11e Arrondissement	0.95
Marseille 11e Arrondissement	Marseille 11e Arrondissement	0.95
Pierrevert	Pierrevert	0.94
Marseille 5e Arrondissement	Marseille 5e Arrondissement	0.95
Marseille 10e Arrondissement	Marseille 10e Arrondissement	0.95
Marseille 10e Arrondissement	Marseille 10e Arrondissement	0.95
Marseille 11e Arrondissement	Marseille 11e Arrondissement	0.95
Marseille 8e Arrondissement	Marseille 8e Arrondissement	0.96
Cassis	Cassis	0.94
Trets	Trets	0.95
Saint-Alban-Leysse	Saint-Alban-Leysse	0.94
Marseille 8e Arrondissement	Marseille 8e Arrondissement	0.96
Gignac-la-Nerthe	Gignac-la-Nerthe	0.95
Marseille 6e Arrondissement	Marseille 6e Arrondissement	0.95
Marseille 14e Arrondissement	Marseille 14e Arrondissement	0.95
Marseille 3e Arrondissement	Marseille 3e Arrondissement	0.95
La Seyne-sur-Mer	La Seyne-sur-Mer	0.95
Marseille 14e Arrondissement	Marseille 14e Arrondissement	0.95
Pierrevert	Pierrevert	0.94
Allauch	Allauch	0.95
Gap	Gap	0.95
Nice	Nice	0.96
Marseille 8e Arrondissement	Marseille 8e Arrondissement	0.96
Marseille 6e Arrondissement	Marseille 6e Arrondissement	0.95
Marseille 2e Arrondissement	Marseille 2e Arrondissement	0.95
Orange	Orange	0.95
Venelles	Venelles	0.95
Marseille 15e Arrondissement	Marseille 15e Arrondissement	0.96
Berre-l'Etang	Berre-l'Étang	0.95
Pertuis	Pertuis	0.95
La Tour-d'Aigues	La Tour-d'Aigues	0.94
Pertuis	Pertuis	0.95
Eyragues	Eyragues	0.94
Martigues	Martigues	0.95
Marseille 3e Arrondissement	Marseille 3e Arrondissement	0.95
Marseille 3e Arrondissement	Marseille 3e Arrondissement	0.95
Marseille 9e Arrondissement	Marseille 9e Arrondissement	0.96
Marseille 12e Arrondissement	Marseille 12e Arrondissement	0.95
Marseille 13e Arrondissement	Marseille 13e Arrondissement	0.96
Marseille 10e Arrondissement	Marseille 10e Arrondissement	0.95
Marseille 7e Arrondissement	Marseille 7e Arrondissement	0.95
Marseille 1er Arrondissement	Marseille 1er Arrondissement	0.95
Marseille 7e Arrondissement	Marseille 7e Arrondissement	0.95
Marseille 14e Arrondissement	Marseille 14e Arrondissement	0.95
Marseille 6e Arrondissement	Marseille 6e Arrondissement	0.95
Marseille 8e Arrondissement	Marseille 8e Arrondissement	0.96
Marseille 8e Arrondissement	Marseille 8e Arrondissement	0.96
Miramas	Miramas	0.95
Hyères	Hyères	0.95
Salon-de-Provence	Salon-de-Provence	0.95
Marseille 15e Arrondissement	Marseille 15e Arrondissement	0.96
Aubagne	Aubagne	0.95
Marseille 11e Arrondissement	Marseille 11e Arrondissement	0.95
Aubagne	Aubagne	0.95
Marseille 8e Arrondissement	Marseille 8e Arrondissement	0.96
Marseille 14e Arrondissement	Marseille 14e Arrondissement	0.95
Aubagne	Aubagne	0.95
Marignane	Marignane	0.95
Marseille 15e Arrondissement	Marseille 15e Arrondissement	0.96
Marseille 15e Arrondissement	Marseille 15e Arrondissement	0.96
Auriol	Auriol	0.95
Marseille 11e Arrondissement	Marseille 11e Arrondissement	0.95
Allauch	Allauch	0.95
Allauch	Allauch	0.95
Aix-en-Provence	Aix-en-Provence	0.96
Meyreuil	Meyreuil	0.94
Aix-en-Provence	Aix-en-Provence	0.96
Aix-en-Provence	Aix-en-Provence	0.96
Pélissanne	Pélissanne	0.95
Salon-de-Provence	Salon-de-Provence	0.95
Salon-de-Provence	Salon-de-Provence	0.95
La Seyne-sur-Mer	La Seyne-sur-Mer	0.95
La Seyne-sur-Mer	La Seyne-sur-Mer	0.95
La Seyne-sur-Mer	La Seyne-sur-Mer	0.95
Marignane	Marignane	0.95
Septèmes-les-Vallons	Septèmes-les-Vallons	0.95
Les Pennes-Mirabeau	Les Pennes-Mirabeau	0.95
Marseille 15e Arrondissement	Marseille 15e Arrondissement	0.96
Marseille 14e Arrondissement	Marseille 14e Arrondissement	0.95
Vedène	Vedène	0.95
Saint-Maximin-la-Sainte-Baume	Saint-Maximin-la-Sainte-Baume	0.95
Saint-Mitre-les-Remparts	Saint-Mitre-les-Remparts	0.94
Marseille 7e Arrondissement	Marseille 7e Arrondissement	0.95
Marseille 2e Arrondissement	Marseille 2e Arrondissement	0.95
Marseille 10e Arrondissement	Marseille 10e Arrondissement	0.95
Pélissanne	Pélissanne	0.95
La Valette-du-Var	La Valette-du-Var	0.95
Marseille 9e Arrondissement	Marseille 9e Arrondissement	0.96
Marseille 2e Arrondissement	Marseille 2e Arrondissement	0.95
Marseille 3e Arrondissement	Marseille 3e Arrondissement	0.95
La Destrousse	La Destrousse	0.94
Marseille 11e Arrondissement	Marseille 11e Arrondissement	0.95
Aubagne	Aubagne	0.95
Marseille 5e Arrondissement	Marseille 5e Arrondissement	0.95
Venelles	Venelles	0.95
Aix-en-Provence	Aix-en-Provence	0.96
Marseille 8e Arrondissement	Marseille 8e Arrondissement	0.96
Puyvert	Puyvert	0.93
Simiane-Collongue	Simiane-Collongue	0.94
Marseille 6e Arrondissement	Marseille 6e Arrondissement	0.95
Cabriès	Cabriès	0.95
Marseille 3e Arrondissement	Marseille 3e Arrondissement	0.95
Marseille 9e Arrondissement	Marseille 9e Arrondissement	0.96
Istres	Istres	0.95
Marseille 13e Arrondissement	Marseille 13e Arrondissement	0.96
Marseille 13e Arrondissement	Marseille 13e Arrondissement	0.96
Marseille 13e Arrondissement	Marseille 13e Arrondissement	0.96
Marseille 14e Arrondissement	Marseille 14e Arrondissement	0.95
Rognac	Rognac	0.95
Les Pennes-Mirabeau	Les Pennes-Mirabeau	0.95
Vitrolles	Vitrolles	0.95
Vitrolles	Vitrolles	0.95
Marseille 12e Arrondissement	Marseille 12e Arrondissement	0.95
Martigues	Martigues	0.95
Simiane-Collongue	Simiane-Collongue	0.94
Aix-en-Provence	Aix-en-Provence	0.96
Aix-en-Provence	Aix-en-Provence	0.96
Marseille 10e Arrondissement	Marseille 10e Arrondissement	0.95
Marseille 10e Arrondissement	Marseille 10e Arrondissement	0.95
Marseille 9e Arrondissement	Marseille 9e Arrondissement	0.96
Marseille 9e Arrondissement	Marseille 9e Arrondissement	0.96
Marseille 9e Arrondissement	Marseille 9e Arrondissement	0.96
Lapalud	Lapalud	0.94
Marseille 13e Arrondissement	Marseille 13e Arrondissement	0.96
Gardanne	Gardanne	0.95
Fuveau	Fuveau	0.95
Gardanne	Gardanne	0.95
Gardanne	Gardanne	0.95
Aubagne	Aubagne	0.95
La Ciotat	La Ciotat	0.95
Marseille 10e Arrondissement	Marseille 10e Arrondissement	0.95
Marseille 11e Arrondissement	Marseille 11e Arrondissement	0.95
Marseille 11e Arrondissement	Marseille 11e Arrondissement	0.95
Pierrevert	Pierrevert	0.94
Marseille 5e Arrondissement	Marseille 5e Arrondissement	0.95
Marseille 10e Arrondissement	Marseille 10e Arrondissement	0.95
Marseille 10e Arrondissement	Marseille 10e Arrondissement	0.95
Marseille 11e Arrondissement	Marseille 11e Arrondissement	0.95
Marseille 8e Arrondissement	Marseille 8e Arrondissement	0.96
Cassis	Cassis	0.94
Trets	Trets	0.95
Saint-Alban-Leysse	Saint-Alban-Leysse	0.94
Marseille 8e Arrondissement	Marseille 8e Arrondissement	0.96
Gignac-la-Nerthe	Gignac-la-Nerthe	0.95
Marseille 6e Arrondissement	Marseille 6e Arrondissement	0.95
Marseille 14e Arrondissement	Marseille 14e Arrondissement	0.95
Marseille 3e Arrondissement	Marseille 3e Arrondissement	0.95
La Seyne-sur-Mer	La Seyne-sur-Mer	0.95
Marseille 14e Arrondissement	Marseille 14e Arrondissement	0.95
Pierrevert	Pierrevert	0.94
Allauch	Allauch	0.95
Gap	Gap	0.95
Nice	Nice	0.96
Marseille 8e Arrondissement	Marseille 8e Arrondissement	0.96
Marseille 6e Arrondissement	Marseille 6e Arrondissement	0.95
Marseille 2e Arrondissement	Marseille 2e Arrondissement	0.95
